
[2026-02-08T19:22:46.566Z]
GET /test-error
Message: Intentional test error for middleware demo
----------------------------------

[2026-02-08T20:18:05.268Z]
Method: GET
Path: /test-error
Message: Intentional test error for middleware demo
Stack:
Error: Intentional test error for middleware demo
    at C:\Users\bsrim\OneDrive\Desktop\Agrochain-react\Agrochain_React\backend\app.js:80:8
    at Layer.handleRequest (C:\Users\bsrim\OneDrive\Desktop\Agrochain-react\Agrochain_React\backend\node_modules\router\lib\layer.js:152:17)
    at next (C:\Users\bsrim\OneDrive\Desktop\Agrochain-react\Agrochain_React\backend\node_modules\router\lib\route.js:157:13)
    at Route.dispatch (C:\Users\bsrim\OneDrive\Desktop\Agrochain-react\Agrochain_React\backend\node_modules\router\lib\route.js:117:3)
    at handle (C:\Users\bsrim\OneDrive\Desktop\Agrochain-react\Agrochain_React\backend\node_modules\router\index.js:435:11)
    at Layer.handleRequest (C:\Users\bsrim\OneDrive\Desktop\Agrochain-react\Agrochain_React\backend\node_modules\router\lib\layer.js:152:17)
    at C:\Users\bsrim\OneDrive\Desktop\Agrochain-react\Agrochain_React\backend\node_modules\router\index.js:295:15
    at processParams (C:\Users\bsrim\OneDrive\Desktop\Agrochain-react\Agrochain_React\backend\node_modules\router\index.js:582:12)
    at next (C:\Users\bsrim\OneDrive\Desktop\Agrochain-react\Agrochain_React\backend\node_modules\router\index.js:291:5)
    at internalNext (C:\Users\bsrim\OneDrive\Desktop\Agrochain-react\Agrochain_React\backend\node_modules\helmet\index.cjs:531:6)
---------------------------------------
